# JRE version: OpenJDK Runtime Environment (8.0_212-b04) (build 1.8.0_212-release-1586-b04)
# Java VM: OpenJDK 64-Bit Server VM (25.212-b04 mixed mode windows-amd64 compressed oops)
Heap:
 PSYoungGen      total 46592K, used 17640K [0x00000000e0000000, 0x00000000e3a00000, 0x0000000100000000)
  eden space 39936K, 32% used [0x00000000e0000000,0x00000000e0cdcdc0,0x00000000e2700000)
  from space 6656K, 67% used [0x00000000e2700000,0x00000000e2b5d610,0x00000000e2d80000)
  to   space 6656K, 0% used [0x00000000e3380000,0x00000000e3380000,0x00000000e3a00000)
 ParOldGen       total 31744K, used 22699K [0x00000000a0000000, 0x00000000a1f00000, 0x00000000e0000000)
  object space 31744K, 71% used [0x00000000a0000000,0x00000000a162ae90,0x00000000a1f00000)
 Metaspace       used 49460K, capacity 50870K, committed 51072K, reserved 1093632K
  class space    used 6641K, capacity 7004K, committed 7040K, reserved 1048576K
GC Heap History (10 events):
Event: 138.021 GC heap before
{Heap before GC invocations=31 (full 2):
 PSYoungGen      total 31232K, used 1811K [0x00000000e0000000, 0x00000000e2980000, 0x0000000100000000)
  eden space 28160K, 0% used [0x00000000e0000000,0x00000000e0000000,0x00000000e1b80000)
  from space 3072K, 58% used [0x00000000e1b80000,0x00000000e1d44df0,0x00000000e1e80000)
  to   space 3072K, 0% used [0x00000000e2680000,0x00000000e2680000,0x00000000e2980000)
 ParOldGen       total 22016K, used 14202K [0x00000000a0000000, 0x00000000a1580000, 0x00000000e0000000)
  object space 22016K, 64% used [0x00000000a0000000,0x00000000a0dde8e0,0x00000000a1580000)
 Metaspace       used 34623K, capacity 35384K, committed 35456K, reserved 1079296K
  class space    used 4753K, capacity 4965K, committed 4992K, reserved 1048576K
Event: 138.182 GC heap after
Heap after GC invocations=31 (full 2):
 PSYoungGen      total 31232K, used 0K [0x00000000e0000000, 0x00000000e2980000, 0x0000000100000000)
  eden space 28160K, 0% used [0x00000000e0000000,0x00000000e0000000,0x00000000e1b80000)
  from space 3072K, 0% used [0x00000000e1b80000,0x00000000e1b80000,0x00000000e1e80000)
  to   space 3072K, 0% used [0x00000000e2680000,0x00000000e2680000,0x00000000e2980000)
 ParOldGen       total 31744K, used 14751K [0x00000000a0000000, 0x00000000a1f00000, 0x00000000e0000000)
  object space 31744K, 46% used [0x00000000a0000000,0x00000000a0e67d78,0x00000000a1f00000)
 Metaspace       used 34616K, capacity 35360K, committed 35456K, reserved 1079296K
  class space    used 4751K, capacity 4961K, committed 4992K, reserved 1048576K
}
Event: 144.552 GC heap before
{Heap before GC invocations=32 (full 2):
 PSYoungGen      total 31232K, used 28160K [0x00000000e0000000, 0x00000000e2980000, 0x0000000100000000)
  eden space 28160K, 100% used [0x00000000e0000000,0x00000000e1b80000,0x00000000e1b80000)
  from space 3072K, 0% used [0x00000000e1b80000,0x00000000e1b80000,0x00000000e1e80000)
  to   space 3072K, 0% used [0x00000000e2680000,0x00000000e2680000,0x00000000e2980000)
 ParOldGen       total 31744K, used 14751K [0x00000000a0000000, 0x00000000a1f00000, 0x00000000e0000000)
  object space 31744K, 46% used [0x00000000a0000000,0x00000000a0e67d78,0x00000000a1f00000)
 Metaspace       used 38304K, capacity 39350K, committed 39680K, reserved 1083392K
  class space    used 5261K, capacity 5533K, committed 5632K, reserved 1048576K
Event: 144.563 GC heap after
Heap after GC invocations=32 (full 2):
 PSYoungGen      total 37376K, used 3052K [0x00000000e0000000, 0x00000000e2980000, 0x0000000100000000)
  eden space 34304K, 0% used [0x00000000e0000000,0x00000000e0000000,0x00000000e2180000)
  from space 3072K, 99% used [0x00000000e2680000,0x00000000e297b038,0x00000000e2980000)
  to   space 3584K, 0% used [0x00000000e2280000,0x00000000e2280000,0x00000000e2600000)
 ParOldGen       total 31744K, used 15455K [0x00000000a0000000, 0x00000000a1f00000, 0x00000000e0000000)
  object space 31744K, 48% used [0x00000000a0000000,0x00000000a0f17c10,0x00000000a1f00000)
 Metaspace       used 38304K, capacity 39350K, committed 39680K, reserved 1083392K
  class space    used 5261K, capacity 5533K, committed 5632K, reserved 1048576K
}
Event: 147.801 GC heap before
{Heap before GC invocations=33 (full 2):
 PSYoungGen      total 37376K, used 37356K [0x00000000e0000000, 0x00000000e2980000, 0x0000000100000000)
  eden space 34304K, 100% used [0x00000000e0000000,0x00000000e2180000,0x00000000e2180000)
  from space 3072K, 99% used [0x00000000e2680000,0x00000000e297b038,0x00000000e2980000)
  to   space 3584K, 0% used [0x00000000e2280000,0x00000000e2280000,0x00000000e2600000)
 ParOldGen       total 31744K, used 15455K [0x00000000a0000000, 0x00000000a1f00000, 0x00000000e0000000)
  object space 31744K, 48% used [0x00000000a0000000,0x00000000a0f17c10,0x00000000a1f00000)
 Metaspace       used 42037K, capacity 43134K, committed 43392K, reserved 1087488K
  class space    used 5705K, capacity 5993K, committed 6016K, reserved 1048576K
Event: 147.815 GC heap after
Heap after GC invocations=33 (full 2):
 PSYoungGen      total 38912K, used 3576K [0x00000000e0000000, 0x00000000e3280000, 0x0000000100000000)
  eden space 35328K, 0% used [0x00000000e0000000,0x00000000e0000000,0x00000000e2280000)
  from space 3584K, 99% used [0x00000000e2280000,0x00000000e25fe3d8,0x00000000e2600000)
  to   space 5120K, 0% used [0x00000000e2d80000,0x00000000e2d80000,0x00000000e3280000)
 ParOldGen       total 31744K, used 17833K [0x00000000a0000000, 0x00000000a1f00000, 0x00000000e0000000)
  object space 31744K, 56% used [0x00000000a0000000,0x00000000a116a678,0x00000000a1f00000)
 Metaspace       used 42037K, capacity 43134K, committed 43392K, reserved 1087488K
  class space    used 5705K, capacity 5993K, committed 6016K, reserved 1048576K
}
Event: 153.769 GC heap before
{Heap before GC invocations=34 (full 2):
 PSYoungGen      total 38912K, used 38710K [0x00000000e0000000, 0x00000000e3280000, 0x0000000100000000)
  eden space 35328K, 99% used [0x00000000e0000000,0x00000000e224f4b0,0x00000000e2280000)
  from space 3584K, 99% used [0x00000000e2280000,0x00000000e25fe3d8,0x00000000e2600000)
  to   space 5120K, 0% used [0x00000000e2d80000,0x00000000e2d80000,0x00000000e3280000)
 ParOldGen       total 31744K, used 17833K [0x00000000a0000000, 0x00000000a1f00000, 0x00000000e0000000)
  object space 31744K, 56% used [0x00000000a0000000,0x00000000a116a678,0x00000000a1f00000)
 Metaspace       used 44728K, capacity 45800K, committed 46080K, reserved 1089536K
  class space    used 6036K, capacity 6320K, committed 6400K, reserved 1048576K
Event: 153.784 GC heap after
Heap after GC invocations=34 (full 2):
 PSYoungGen      total 45056K, used 5104K [0x00000000e0000000, 0x00000000e3600000, 0x0000000100000000)
  eden space 39936K, 0% used [0x00000000e0000000,0x00000000e0000000,0x00000000e2700000)
  from space 5120K, 99% used [0x00000000e2d80000,0x00000000e327c1c8,0x00000000e3280000)
  to   space 6656K, 0% used [0x00000000e2700000,0x00000000e2700000,0x00000000e2d80000)
 ParOldGen       total 31744K, used 19312K [0x00000000a0000000, 0x00000000a1f00000, 0x00000000e0000000)
  object space 31744K, 60% used [0x00000000a0000000,0x00000000a12dc390,0x00000000a1f00000)
 Metaspace       used 44728K, capacity 45800K, committed 46080K, reserved 1089536K
  class space    used 6036K, capacity 6320K, committed 6400K, reserved 1048576K
}
Event: 157.023 GC heap before
{Heap before GC invocations=35 (full 2):
 PSYoungGen      total 45056K, used 45040K [0x00000000e0000000, 0x00000000e3600000, 0x0000000100000000)
  eden space 39936K, 100% used [0x00000000e0000000,0x00000000e2700000,0x00000000e2700000)
  from space 5120K, 99% used [0x00000000e2d80000,0x00000000e327c1c8,0x00000000e3280000)
  to   space 6656K, 0% used [0x00000000e2700000,0x00000000e2700000,0x00000000e2d80000)
 ParOldGen       total 31744K, used 19312K [0x00000000a0000000, 0x00000000a1f00000, 0x00000000e0000000)
  object space 31744K, 60% used [0x00000000a0000000,0x00000000a12dc390,0x00000000a1f00000)
 Metaspace       used 47884K, capacity 49006K, committed 49280K, reserved 1091584K
  class space    used 6408K, capacity 6738K, committed 6784K, reserved 1048576K
Event: 157.043 GC heap after
Heap after GC invocations=35 (full 2):
 PSYoungGen      total 46592K, used 4469K [0x00000000e0000000, 0x00000000e3a00000, 0x0000000100000000)
  eden space 39936K, 0% used [0x00000000e0000000,0x00000000e0000000,0x00000000e2700000)
  from space 6656K, 67% used [0x00000000e2700000,0x00000000e2b5d610,0x00000000e2d80000)
  to   space 6656K, 0% used [0x00000000e3380000,0x00000000e3380000,0x00000000e3a00000)
 ParOldGen       total 31744K, used 22699K [0x00000000a0000000, 0x00000000a1f00000, 0x00000000e0000000)
  object space 31744K, 71% used [0x00000000a0000000,0x00000000a162ae90,0x00000000a1f00000)
 Metaspace       used 47884K, capacity 49006K, committed 49280K, reserved 1091584K
  class space    used 6408K, capacity 6738K, committed 6784K, reserved 1048576K
}

