# JRE version: OpenJDK Runtime Environment (8.0_212-b04) (build 1.8.0_212-release-1586-b04)
# Java VM: OpenJDK 64-Bit Server VM (25.212-b04 mixed mode windows-amd64 compressed oops)
Heap:
 PSYoungGen      total 65536K, used 34706K [0x00000000e0000000, 0x00000000e5500000, 0x0000000100000000)
  eden space 57856K, 47% used [0x00000000e0000000,0x00000000e1ab2678,0x00000000e3880000)
  from space 7680K, 95% used [0x00000000e4d80000,0x00000000e54b22a8,0x00000000e5500000)
  to   space 14336K, 0% used [0x00000000e3900000,0x00000000e3900000,0x00000000e4700000)
 ParOldGen       total 61440K, used 35967K [0x00000000a0000000, 0x00000000a3c00000, 0x00000000e0000000)
  object space 61440K, 58% used [0x00000000a0000000,0x00000000a231ff80,0x00000000a3c00000)
 Metaspace       used 71802K, capacity 75056K, committed 75264K, reserved 1114112K
  class space    used 9540K, capacity 10177K, committed 10240K, reserved 1048576K
GC Heap History (10 events):
Event: 65.927 GC heap before
{Heap before GC invocations=39 (full 3):
 PSYoungGen      total 60416K, used 50176K [0x00000000e0000000, 0x00000000e4d00000, 0x0000000100000000)
  eden space 50176K, 100% used [0x00000000e0000000,0x00000000e3100000,0x00000000e3100000)
  from space 10240K, 0% used [0x00000000e3100000,0x00000000e3100000,0x00000000e3b00000)
  to   space 10240K, 0% used [0x00000000e4300000,0x00000000e4300000,0x00000000e4d00000)
 ParOldGen       total 61440K, used 31856K [0x00000000a0000000, 0x00000000a3c00000, 0x00000000e0000000)
  object space 61440K, 51% used [0x00000000a0000000,0x00000000a1f1c288,0x00000000a3c00000)
 Metaspace       used 58440K, capacity 60558K, committed 60928K, reserved 1101824K
  class space    used 8078K, capacity 8590K, committed 8704K, reserved 1048576K
Event: 65.943 GC heap after
Heap after GC invocations=39 (full 3):
 PSYoungGen      total 62464K, used 4586K [0x00000000e0000000, 0x00000000e4980000, 0x0000000100000000)
  eden space 55808K, 0% used [0x00000000e0000000,0x00000000e0000000,0x00000000e3680000)
  from space 6656K, 68% used [0x00000000e4300000,0x00000000e477aa30,0x00000000e4980000)
  to   space 9728K, 0% used [0x00000000e3680000,0x00000000e3680000,0x00000000e4000000)
 ParOldGen       total 61440K, used 31864K [0x00000000a0000000, 0x00000000a3c00000, 0x00000000e0000000)
  object space 61440K, 51% used [0x00000000a0000000,0x00000000a1f1e288,0x00000000a3c00000)
 Metaspace       used 58440K, capacity 60558K, committed 60928K, reserved 1101824K
  class space    used 8078K, capacity 8590K, committed 8704K, reserved 1048576K
}
Event: 71.656 GC heap before
{Heap before GC invocations=40 (full 3):
 PSYoungGen      total 62464K, used 60394K [0x00000000e0000000, 0x00000000e4980000, 0x0000000100000000)
  eden space 55808K, 100% used [0x00000000e0000000,0x00000000e3680000,0x00000000e3680000)
  from space 6656K, 68% used [0x00000000e4300000,0x00000000e477aa30,0x00000000e4980000)
  to   space 9728K, 0% used [0x00000000e3680000,0x00000000e3680000,0x00000000e4000000)
 ParOldGen       total 61440K, used 31864K [0x00000000a0000000, 0x00000000a3c00000, 0x00000000e0000000)
  object space 61440K, 51% used [0x00000000a0000000,0x00000000a1f1e288,0x00000000a3c00000)
 Metaspace       used 62215K, capacity 64728K, committed 64896K, reserved 1105920K
  class space    used 8692K, capacity 9227K, committed 9344K, reserved 1048576K
Event: 71.695 GC heap after
Heap after GC invocations=40 (full 3):
 PSYoungGen      total 65536K, used 9450K [0x00000000e0000000, 0x00000000e5200000, 0x0000000100000000)
  eden space 55808K, 0% used [0x00000000e0000000,0x00000000e0000000,0x00000000e3680000)
  from space 9728K, 97% used [0x00000000e3680000,0x00000000e3fbabe8,0x00000000e4000000)
  to   space 11264K, 0% used [0x00000000e4700000,0x00000000e4700000,0x00000000e5200000)
 ParOldGen       total 61440K, used 31872K [0x00000000a0000000, 0x00000000a3c00000, 0x00000000e0000000)
  object space 61440K, 51% used [0x00000000a0000000,0x00000000a1f20288,0x00000000a3c00000)
 Metaspace       used 62215K, capacity 64728K, committed 64896K, reserved 1105920K
  class space    used 8692K, capacity 9227K, committed 9344K, reserved 1048576K
}
Event: 83.029 GC heap before
{Heap before GC invocations=41 (full 3):
 PSYoungGen      total 65536K, used 65258K [0x00000000e0000000, 0x00000000e5200000, 0x0000000100000000)
  eden space 55808K, 100% used [0x00000000e0000000,0x00000000e3680000,0x00000000e3680000)
  from space 9728K, 97% used [0x00000000e3680000,0x00000000e3fbabe8,0x00000000e4000000)
  to   space 11264K, 0% used [0x00000000e4700000,0x00000000e4700000,0x00000000e5200000)
 ParOldGen       total 61440K, used 31872K [0x00000000a0000000, 0x00000000a3c00000, 0x00000000e0000000)
  object space 61440K, 51% used [0x00000000a0000000,0x00000000a1f20288,0x00000000a3c00000)
 Metaspace       used 64524K, capacity 67250K, committed 67456K, reserved 1107968K
  class space    used 8907K, capacity 9482K, committed 9600K, reserved 1048576K
Event: 83.077 GC heap after
Heap after GC invocations=41 (full 3):
 PSYoungGen      total 71168K, used 10793K [0x00000000e0000000, 0x00000000e5480000, 0x0000000100000000)
  eden space 59904K, 0% used [0x00000000e0000000,0x00000000e0000000,0x00000000e3a80000)
  from space 11264K, 95% used [0x00000000e4700000,0x00000000e518a460,0x00000000e5200000)
  to   space 12800K, 0% used [0x00000000e3a80000,0x00000000e3a80000,0x00000000e4700000)
 ParOldGen       total 61440K, used 31880K [0x00000000a0000000, 0x00000000a3c00000, 0x00000000e0000000)
  object space 61440K, 51% used [0x00000000a0000000,0x00000000a1f22288,0x00000000a3c00000)
 Metaspace       used 64524K, capacity 67250K, committed 67456K, reserved 1107968K
  class space    used 8907K, capacity 9482K, committed 9600K, reserved 1048576K
}
Event: 4493.977 GC heap before
{Heap before GC invocations=42 (full 3):
 PSYoungGen      total 71168K, used 70697K [0x00000000e0000000, 0x00000000e5480000, 0x0000000100000000)
  eden space 59904K, 100% used [0x00000000e0000000,0x00000000e3a80000,0x00000000e3a80000)
  from space 11264K, 95% used [0x00000000e4700000,0x00000000e518a460,0x00000000e5200000)
  to   space 12800K, 0% used [0x00000000e3a80000,0x00000000e3a80000,0x00000000e4700000)
 ParOldGen       total 61440K, used 31880K [0x00000000a0000000, 0x00000000a3c00000, 0x00000000e0000000)
  object space 61440K, 51% used [0x00000000a0000000,0x00000000a1f22288,0x00000000a3c00000)
 Metaspace       used 68601K, capacity 71652K, committed 71808K, reserved 1112064K
  class space    used 9212K, capacity 9811K, committed 9856K, reserved 1048576K
Event: 4505.175 GC heap after
Heap after GC invocations=42 (full 3):
 PSYoungGen      total 72704K, used 12798K [0x00000000e0000000, 0x00000000e5c00000, 0x0000000100000000)
  eden space 59904K, 0% used [0x00000000e0000000,0x00000000e0000000,0x00000000e3a80000)
  from space 12800K, 99% used [0x00000000e3a80000,0x00000000e46ff878,0x00000000e4700000)
  to   space 14848K, 0% used [0x00000000e4d80000,0x00000000e4d80000,0x00000000e5c00000)
 ParOldGen       total 61440K, used 32247K [0x00000000a0000000, 0x00000000a3c00000, 0x00000000e0000000)
  object space 61440K, 52% used [0x00000000a0000000,0x00000000a1f7df40,0x00000000a3c00000)
 Metaspace       used 68601K, capacity 71652K, committed 71808K, reserved 1112064K
  class space    used 9212K, capacity 9811K, committed 9856K, reserved 1048576K
}
Event: 10370.183 GC heap before
{Heap before GC invocations=43 (full 3):
 PSYoungGen      total 72704K, used 72702K [0x00000000e0000000, 0x00000000e5c00000, 0x0000000100000000)
  eden space 59904K, 100% used [0x00000000e0000000,0x00000000e3a80000,0x00000000e3a80000)
  from space 12800K, 99% used [0x00000000e3a80000,0x00000000e46ff878,0x00000000e4700000)
  to   space 14848K, 0% used [0x00000000e4d80000,0x00000000e4d80000,0x00000000e5c00000)
 ParOldGen       total 61440K, used 32247K [0x00000000a0000000, 0x00000000a3c00000, 0x00000000e0000000)
  object space 61440K, 52% used [0x00000000a0000000,0x00000000a1f7df40,0x00000000a3c00000)
 Metaspace       used 68895K, capacity 72048K, committed 72192K, reserved 1112064K
  class space    used 9242K, capacity 9865K, committed 9984K, reserved 1048576K
Event: 10373.399 GC heap after
Heap after GC invocations=43 (full 3):
 PSYoungGen      total 65536K, used 7368K [0x00000000e0000000, 0x00000000e5500000, 0x0000000100000000)
  eden space 57856K, 0% used [0x00000000e0000000,0x00000000e0000000,0x00000000e3880000)
  from space 7680K, 95% used [0x00000000e4d80000,0x00000000e54b22a8,0x00000000e5500000)
  to   space 14336K, 0% used [0x00000000e3900000,0x00000000e3900000,0x00000000e4700000)
 ParOldGen       total 61440K, used 35967K [0x00000000a0000000, 0x00000000a3c00000, 0x00000000e0000000)
  object space 61440K, 58% used [0x00000000a0000000,0x00000000a231ff80,0x00000000a3c00000)
 Metaspace       used 68895K, capacity 72048K, committed 72192K, reserved 1112064K
  class space    used 9242K, capacity 9865K, committed 9984K, reserved 1048576K
}

