# JRE version: OpenJDK Runtime Environment (8.0_212-b04) (build 1.8.0_212-release-1586-b04)
# Java VM: OpenJDK 64-Bit Server VM (25.212-b04 mixed mode windows-amd64 compressed oops)
Heap:
 PSYoungGen      total 51200K, used 4100K [0x00000000e0000000, 0x00000000e3400000, 0x0000000100000000)
  eden space 49152K, 4% used [0x00000000e0000000,0x00000000e0205138,0x00000000e3000000)
  from space 2048K, 99% used [0x00000000e3000000,0x00000000e31fc010,0x00000000e3200000)
  to   space 2048K, 0% used [0x00000000e3200000,0x00000000e3200000,0x00000000e3400000)
 ParOldGen       total 32768K, used 9080K [0x00000000a0000000, 0x00000000a2000000, 0x00000000e0000000)
  object space 32768K, 27% used [0x00000000a0000000,0x00000000a08de038,0x00000000a2000000)
 Metaspace       used 14473K, capacity 14894K, committed 14976K, reserved 1062912K
  class space    used 2004K, capacity 2131K, committed 2176K, reserved 1048576K
GC Heap History (10 events):
Event: 2.826 GC heap before
{Heap before GC invocations=1 (full 0):
 PSYoungGen      total 14336K, used 12288K [0x00000000e0000000, 0x00000000e1000000, 0x0000000100000000)
  eden space 12288K, 100% used [0x00000000e0000000,0x00000000e0c00000,0x00000000e0c00000)
  from space 2048K, 0% used [0x00000000e0e00000,0x00000000e0e00000,0x00000000e1000000)
  to   space 2048K, 0% used [0x00000000e0c00000,0x00000000e0c00000,0x00000000e0e00000)
 ParOldGen       total 32768K, used 0K [0x00000000a0000000, 0x00000000a2000000, 0x00000000e0000000)
  object space 32768K, 0% used [0x00000000a0000000,0x00000000a0000000,0x00000000a2000000)
 Metaspace       used 4224K, capacity 5296K, committed 5504K, reserved 1056768K
  class space    used 485K, capacity 528K, committed 640K, reserved 1048576K
Event: 2.879 GC heap after
Heap after GC invocations=1 (full 0):
 PSYoungGen      total 14336K, used 1859K [0x00000000e0000000, 0x00000000e1c00000, 0x0000000100000000)
  eden space 12288K, 0% used [0x00000000e0000000,0x00000000e0000000,0x00000000e0c00000)
  from space 2048K, 90% used [0x00000000e0c00000,0x00000000e0dd0df0,0x00000000e0e00000)
  to   space 2048K, 0% used [0x00000000e1a00000,0x00000000e1a00000,0x00000000e1c00000)
 ParOldGen       total 32768K, used 0K [0x00000000a0000000, 0x00000000a2000000, 0x00000000e0000000)
  object space 32768K, 0% used [0x00000000a0000000,0x00000000a0000000,0x00000000a2000000)
 Metaspace       used 4224K, capacity 5296K, committed 5504K, reserved 1056768K
  class space    used 485K, capacity 528K, committed 640K, reserved 1048576K
}
Event: 5.873 GC heap before
{Heap before GC invocations=2 (full 0):
 PSYoungGen      total 14336K, used 14147K [0x00000000e0000000, 0x00000000e1c00000, 0x0000000100000000)
  eden space 12288K, 100% used [0x00000000e0000000,0x00000000e0c00000,0x00000000e0c00000)
  from space 2048K, 90% used [0x00000000e0c00000,0x00000000e0dd0df0,0x00000000e0e00000)
  to   space 2048K, 0% used [0x00000000e1a00000,0x00000000e1a00000,0x00000000e1c00000)
 ParOldGen       total 32768K, used 0K [0x00000000a0000000, 0x00000000a2000000, 0x00000000e0000000)
  object space 32768K, 0% used [0x00000000a0000000,0x00000000a0000000,0x00000000a2000000)
 Metaspace       used 6892K, capacity 7066K, committed 7424K, reserved 1056768K
  class space    used 846K, capacity 910K, committed 1024K, reserved 1048576K
Event: 5.891 GC heap after
Heap after GC invocations=2 (full 0):
 PSYoungGen      total 26624K, used 2016K [0x00000000e0000000, 0x00000000e1c00000, 0x0000000100000000)
  eden space 24576K, 0% used [0x00000000e0000000,0x00000000e0000000,0x00000000e1800000)
  from space 2048K, 98% used [0x00000000e1a00000,0x00000000e1bf8020,0x00000000e1c00000)
  to   space 2048K, 0% used [0x00000000e1800000,0x00000000e1800000,0x00000000e1a00000)
 ParOldGen       total 32768K, used 1184K [0x00000000a0000000, 0x00000000a2000000, 0x00000000e0000000)
  object space 32768K, 3% used [0x00000000a0000000,0x00000000a0128398,0x00000000a2000000)
 Metaspace       used 6892K, capacity 7066K, committed 7424K, reserved 1056768K
  class space    used 846K, capacity 910K, committed 1024K, reserved 1048576K
}
Event: 7.617 GC heap before
{Heap before GC invocations=3 (full 0):
 PSYoungGen      total 26624K, used 26592K [0x00000000e0000000, 0x00000000e1c00000, 0x0000000100000000)
  eden space 24576K, 100% used [0x00000000e0000000,0x00000000e1800000,0x00000000e1800000)
  from space 2048K, 98% used [0x00000000e1a00000,0x00000000e1bf8020,0x00000000e1c00000)
  to   space 2048K, 0% used [0x00000000e1800000,0x00000000e1800000,0x00000000e1a00000)
 ParOldGen       total 32768K, used 1184K [0x00000000a0000000, 0x00000000a2000000, 0x00000000e0000000)
  object space 32768K, 3% used [0x00000000a0000000,0x00000000a0128398,0x00000000a2000000)
 Metaspace       used 7138K, capacity 7354K, committed 7680K, reserved 1056768K
  class space    used 866K, capacity 942K, committed 1024K, reserved 1048576K
Event: 7.667 GC heap after
Heap after GC invocations=3 (full 0):
 PSYoungGen      total 26624K, used 2032K [0x00000000e0000000, 0x00000000e3400000, 0x0000000100000000)
  eden space 24576K, 0% used [0x00000000e0000000,0x00000000e0000000,0x00000000e1800000)
  from space 2048K, 99% used [0x00000000e1800000,0x00000000e19fc010,0x00000000e1a00000)
  to   space 2048K, 0% used [0x00000000e3200000,0x00000000e3200000,0x00000000e3400000)
 ParOldGen       total 32768K, used 1527K [0x00000000a0000000, 0x00000000a2000000, 0x00000000e0000000)
  object space 32768K, 4% used [0x00000000a0000000,0x00000000a017dda8,0x00000000a2000000)
 Metaspace       used 7138K, capacity 7354K, committed 7680K, reserved 1056768K
  class space    used 866K, capacity 942K, committed 1024K, reserved 1048576K
}
Event: 11.041 GC heap before
{Heap before GC invocations=4 (full 0):
 PSYoungGen      total 26624K, used 26608K [0x00000000e0000000, 0x00000000e3400000, 0x0000000100000000)
  eden space 24576K, 100% used [0x00000000e0000000,0x00000000e1800000,0x00000000e1800000)
  from space 2048K, 99% used [0x00000000e1800000,0x00000000e19fc010,0x00000000e1a00000)
  to   space 2048K, 0% used [0x00000000e3200000,0x00000000e3200000,0x00000000e3400000)
 ParOldGen       total 32768K, used 1527K [0x00000000a0000000, 0x00000000a2000000, 0x00000000e0000000)
  object space 32768K, 4% used [0x00000000a0000000,0x00000000a017dda8,0x00000000a2000000)
 Metaspace       used 7843K, capacity 8084K, committed 8320K, reserved 1056768K
  class space    used 1003K, capacity 1079K, committed 1152K, reserved 1048576K
Event: 11.058 GC heap after
Heap after GC invocations=4 (full 0):
 PSYoungGen      total 51200K, used 2016K [0x00000000e0000000, 0x00000000e3400000, 0x0000000100000000)
  eden space 49152K, 0% used [0x00000000e0000000,0x00000000e0000000,0x00000000e3000000)
  from space 2048K, 98% used [0x00000000e3200000,0x00000000e33f8020,0x00000000e3400000)
  to   space 2048K, 0% used [0x00000000e3000000,0x00000000e3000000,0x00000000e3200000)
 ParOldGen       total 32768K, used 3340K [0x00000000a0000000, 0x00000000a2000000, 0x00000000e0000000)
  object space 32768K, 10% used [0x00000000a0000000,0x00000000a0343090,0x00000000a2000000)
 Metaspace       used 7843K, capacity 8084K, committed 8320K, reserved 1056768K
  class space    used 1003K, capacity 1079K, committed 1152K, reserved 1048576K
}
Event: 32.911 GC heap before
{Heap before GC invocations=5 (full 0):
 PSYoungGen      total 51200K, used 51168K [0x00000000e0000000, 0x00000000e3400000, 0x0000000100000000)
  eden space 49152K, 100% used [0x00000000e0000000,0x00000000e3000000,0x00000000e3000000)
  from space 2048K, 98% used [0x00000000e3200000,0x00000000e33f8020,0x00000000e3400000)
  to   space 2048K, 0% used [0x00000000e3000000,0x00000000e3000000,0x00000000e3200000)
 ParOldGen       total 32768K, used 3340K [0x00000000a0000000, 0x00000000a2000000, 0x00000000e0000000)
  object space 32768K, 10% used [0x00000000a0000000,0x00000000a0343090,0x00000000a2000000)
 Metaspace       used 14403K, capacity 14828K, committed 14976K, reserved 1062912K
  class space    used 1990K, capacity 2130K, committed 2176K, reserved 1048576K
Event: 32.993 GC heap after
Heap after GC invocations=5 (full 0):
 PSYoungGen      total 51200K, used 2032K [0x00000000e0000000, 0x00000000e3400000, 0x0000000100000000)
  eden space 49152K, 0% used [0x00000000e0000000,0x00000000e0000000,0x00000000e3000000)
  from space 2048K, 99% used [0x00000000e3000000,0x00000000e31fc010,0x00000000e3200000)
  to   space 2048K, 0% used [0x00000000e3200000,0x00000000e3200000,0x00000000e3400000)
 ParOldGen       total 32768K, used 9080K [0x00000000a0000000, 0x00000000a2000000, 0x00000000e0000000)
  object space 32768K, 27% used [0x00000000a0000000,0x00000000a08de038,0x00000000a2000000)
 Metaspace       used 14403K, capacity 14828K, committed 14976K, reserved 1062912K
  class space    used 1990K, capacity 2130K, committed 2176K, reserved 1048576K
}

