# JRE version: OpenJDK Runtime Environment (8.0_212-b04) (build 1.8.0_212-release-1586-b04)
# Java VM: OpenJDK 64-Bit Server VM (25.212-b04 mixed mode windows-amd64 compressed oops)
Heap:
 PSYoungGen      total 134656K, used 20776K [0x00000000e0000000, 0x00000000ecc00000, 0x0000000100000000)
  eden space 97280K, 21% used [0x00000000e0000000,0x00000000e144a350,0x00000000e5f00000)
  from space 37376K, 0% used [0x00000000e8f00000,0x00000000e8f00000,0x00000000eb380000)
  to   space 49152K, 0% used [0x00000000e5f00000,0x00000000e5f00000,0x00000000e8f00000)
 ParOldGen       total 78848K, used 60988K [0x00000000a0000000, 0x00000000a4d00000, 0x00000000e0000000)
  object space 78848K, 77% used [0x00000000a0000000,0x00000000a3b8f358,0x00000000a4d00000)
 Metaspace       used 85138K, capacity 88106K, committed 90136K, reserved 1126400K
  class space    used 11323K, capacity 11916K, committed 12312K, reserved 1048576K
GC Heap History (10 events):
Event: 117.633 GC heap before
{Heap before GC invocations=28 (full 3):
 PSYoungGen      total 109568K, used 109549K [0x00000000e0000000, 0x00000000e8700000, 0x0000000100000000)
  eden space 95232K, 100% used [0x00000000e0000000,0x00000000e5d00000,0x00000000e5d00000)
  from space 14336K, 99% used [0x00000000e6f80000,0x00000000e7d7b548,0x00000000e7d80000)
  to   space 18944K, 0% used [0x00000000e5d00000,0x00000000e5d00000,0x00000000e6f80000)
 ParOldGen       total 75776K, used 37873K [0x00000000a0000000, 0x00000000a4a00000, 0x00000000e0000000)
  object space 75776K, 49% used [0x00000000a0000000,0x00000000a24fc4a0,0x00000000a4a00000)
 Metaspace       used 78278K, capacity 81804K, committed 82072K, reserved 1120256K
  class space    used 10737K, capacity 11395K, committed 11416K, reserved 1048576K
Event: 117.703 GC heap after
Heap after GC invocations=28 (full 3):
 PSYoungGen      total 114176K, used 18913K [0x00000000e0000000, 0x00000000e9a00000, 0x0000000100000000)
  eden space 95232K, 0% used [0x00000000e0000000,0x00000000e0000000,0x00000000e5d00000)
  from space 18944K, 99% used [0x00000000e5d00000,0x00000000e6f785b8,0x00000000e6f80000)
  to   space 27136K, 0% used [0x00000000e7f80000,0x00000000e7f80000,0x00000000e9a00000)
 ParOldGen       total 75776K, used 52280K [0x00000000a0000000, 0x00000000a4a00000, 0x00000000e0000000)
  object space 75776K, 68% used [0x00000000a0000000,0x00000000a330e390,0x00000000a4a00000)
 Metaspace       used 78278K, capacity 81804K, committed 82072K, reserved 1120256K
  class space    used 10737K, capacity 11395K, committed 11416K, reserved 1048576K
}
Event: 120.759 GC heap before
{Heap before GC invocations=29 (full 3):
 PSYoungGen      total 114176K, used 114145K [0x00000000e0000000, 0x00000000e9a00000, 0x0000000100000000)
  eden space 95232K, 100% used [0x00000000e0000000,0x00000000e5d00000,0x00000000e5d00000)
  from space 18944K, 99% used [0x00000000e5d00000,0x00000000e6f785b8,0x00000000e6f80000)
  to   space 27136K, 0% used [0x00000000e7f80000,0x00000000e7f80000,0x00000000e9a00000)
 ParOldGen       total 75776K, used 52280K [0x00000000a0000000, 0x00000000a4a00000, 0x00000000e0000000)
  object space 75776K, 68% used [0x00000000a0000000,0x00000000a330e390,0x00000000a4a00000)
 Metaspace       used 80221K, capacity 83852K, committed 84120K, reserved 1122304K
  class space    used 10974K, capacity 11653K, committed 11672K, reserved 1048576K
Event: 120.843 GC heap after
Heap after GC invocations=29 (full 3):
 PSYoungGen      total 126464K, used 25545K [0x00000000e0000000, 0x00000000ea500000, 0x0000000100000000)
  eden space 99328K, 0% used [0x00000000e0000000,0x00000000e0000000,0x00000000e6100000)
  from space 27136K, 94% used [0x00000000e7f80000,0x00000000e9872408,0x00000000e9a00000)
  to   space 31232K, 0% used [0x00000000e6100000,0x00000000e6100000,0x00000000e7f80000)
 ParOldGen       total 75776K, used 61090K [0x00000000a0000000, 0x00000000a4a00000, 0x00000000e0000000)
  object space 75776K, 80% used [0x00000000a0000000,0x00000000a3ba8ad0,0x00000000a4a00000)
 Metaspace       used 80221K, capacity 83852K, committed 84120K, reserved 1122304K
  class space    used 10974K, capacity 11653K, committed 11672K, reserved 1048576K
}
Event: 2344.339 GC heap before
{Heap before GC invocations=30 (full 3):
 PSYoungGen      total 126464K, used 124873K [0x00000000e0000000, 0x00000000ea500000, 0x0000000100000000)
  eden space 99328K, 100% used [0x00000000e0000000,0x00000000e6100000,0x00000000e6100000)
  from space 27136K, 94% used [0x00000000e7f80000,0x00000000e9872408,0x00000000e9a00000)
  to   space 31232K, 0% used [0x00000000e6100000,0x00000000e6100000,0x00000000e7f80000)
 ParOldGen       total 75776K, used 61090K [0x00000000a0000000, 0x00000000a4a00000, 0x00000000e0000000)
  object space 75776K, 80% used [0x00000000a0000000,0x00000000a3ba8ad0,0x00000000a4a00000)
 Metaspace       used 85466K, capacity 89378K, committed 89624K, reserved 1126400K
  class space    used 11486K, capacity 12222K, committed 12312K, reserved 1048576K
Event: 2345.171 GC heap after
Heap after GC invocations=30 (full 3):
 PSYoungGen      total 130560K, used 31221K [0x00000000e0000000, 0x00000000eb380000, 0x0000000100000000)
  eden space 99328K, 0% used [0x00000000e0000000,0x00000000e0000000,0x00000000e6100000)
  from space 31232K, 99% used [0x00000000e6100000,0x00000000e7f7d7a8,0x00000000e7f80000)
  to   space 37376K, 0% used [0x00000000e8f00000,0x00000000e8f00000,0x00000000eb380000)
 ParOldGen       total 75776K, used 63632K [0x00000000a0000000, 0x00000000a4a00000, 0x00000000e0000000)
  object space 75776K, 83% used [0x00000000a0000000,0x00000000a3e241e0,0x00000000a4a00000)
 Metaspace       used 85466K, capacity 89378K, committed 89624K, reserved 1126400K
  class space    used 11486K, capacity 12222K, committed 12312K, reserved 1048576K
}
Event: 2354.795 GC heap before
{Heap before GC invocations=31 (full 3):
 PSYoungGen      total 130560K, used 130549K [0x00000000e0000000, 0x00000000eb380000, 0x0000000100000000)
  eden space 99328K, 100% used [0x00000000e0000000,0x00000000e6100000,0x00000000e6100000)
  from space 31232K, 99% used [0x00000000e6100000,0x00000000e7f7d7a8,0x00000000e7f80000)
  to   space 37376K, 0% used [0x00000000e8f00000,0x00000000e8f00000,0x00000000eb380000)
 ParOldGen       total 75776K, used 63632K [0x00000000a0000000, 0x00000000a4a00000, 0x00000000e0000000)
  object space 75776K, 83% used [0x00000000a0000000,0x00000000a3e241e0,0x00000000a4a00000)
 Metaspace       used 86008K, capacity 89942K, committed 90136K, reserved 1126400K
  class space    used 11525K, capacity 12280K, committed 12312K, reserved 1048576K
Event: 2354.976 GC heap after
Heap after GC invocations=31 (full 3):
 PSYoungGen      total 134656K, used 37363K [0x00000000e0000000, 0x00000000ecc00000, 0x0000000100000000)
  eden space 97280K, 0% used [0x00000000e0000000,0x00000000e0000000,0x00000000e5f00000)
  from space 37376K, 99% used [0x00000000e8f00000,0x00000000eb37cc80,0x00000000eb380000)
  to   space 49152K, 0% used [0x00000000e5f00000,0x00000000e5f00000,0x00000000e8f00000)
 ParOldGen       total 78848K, used 78762K [0x00000000a0000000, 0x00000000a4d00000, 0x00000000e0000000)
  object space 78848K, 99% used [0x00000000a0000000,0x00000000a4cea8b8,0x00000000a4d00000)
 Metaspace       used 86008K, capacity 89942K, committed 90136K, reserved 1126400K
  class space    used 11525K, capacity 12280K, committed 12312K, reserved 1048576K
}
Event: 2354.997 GC heap before
{Heap before GC invocations=32 (full 4):
 PSYoungGen      total 134656K, used 37363K [0x00000000e0000000, 0x00000000ecc00000, 0x0000000100000000)
  eden space 97280K, 0% used [0x00000000e0000000,0x00000000e0000000,0x00000000e5f00000)
  from space 37376K, 99% used [0x00000000e8f00000,0x00000000eb37cc80,0x00000000eb380000)
  to   space 49152K, 0% used [0x00000000e5f00000,0x00000000e5f00000,0x00000000e8f00000)
 ParOldGen       total 78848K, used 78762K [0x00000000a0000000, 0x00000000a4d00000, 0x00000000e0000000)
  object space 78848K, 99% used [0x00000000a0000000,0x00000000a4cea8b8,0x00000000a4d00000)
 Metaspace       used 86008K, capacity 89942K, committed 90136K, reserved 1126400K
  class space    used 11525K, capacity 12280K, committed 12312K, reserved 1048576K
Event: 2358.356 GC heap after
Heap after GC invocations=32 (full 4):
 PSYoungGen      total 134656K, used 0K [0x00000000e0000000, 0x00000000ecc00000, 0x0000000100000000)
  eden space 97280K, 0% used [0x00000000e0000000,0x00000000e0000000,0x00000000e5f00000)
  from space 37376K, 0% used [0x00000000e8f00000,0x00000000e8f00000,0x00000000eb380000)
  to   space 49152K, 0% used [0x00000000e5f00000,0x00000000e5f00000,0x00000000e8f00000)
 ParOldGen       total 78848K, used 60988K [0x00000000a0000000, 0x00000000a4d00000, 0x00000000e0000000)
  object space 78848K, 77% used [0x00000000a0000000,0x00000000a3b8f358,0x00000000a4d00000)
 Metaspace       used 85135K, capacity 88106K, committed 90136K, reserved 1126400K
  class space    used 11323K, capacity 11916K, committed 12312K, reserved 1048576K
}

